[debug] [2021-12-08T02:29:02.551Z] ----------------------------------------------------------------------
[debug] [2021-12-08T02:29:02.552Z] Command:       /Users/khacthang/.nvm/versions/node/v16.6.1/bin/node /Users/khacthang/.nvm/versions/node/v16.6.1/bin/firebase deploy
[debug] [2021-12-08T02:29:02.552Z] CLI Version:   9.23.0
[debug] [2021-12-08T02:29:02.552Z] Platform:      darwin
[debug] [2021-12-08T02:29:02.552Z] Node Version:  v16.6.1
[debug] [2021-12-08T02:29:02.554Z] Time:          Wed Dec 08 2021 09:29:02 GMT+0700 (Indochina Time)
[debug] [2021-12-08T02:29:02.554Z] ----------------------------------------------------------------------
[debug] 
[debug] [2021-12-08T02:29:02.597Z] > command requires scopes: ["email","openid","https://www.googleapis.com/auth/cloudplatformprojects.readonly","https://www.googleapis.com/auth/firebase","https://www.googleapis.com/auth/cloud-platform"]
[debug] [2021-12-08T02:29:02.597Z] > authorizing via signed-in user (bachtungltw@gmail.com)
[debug] [2021-12-08T02:29:02.597Z] [iam] checking project itss2-25e16 for permissions ["firebase.projects.get","firebasehosting.sites.update"]
[debug] [2021-12-08T02:29:02.598Z] > refreshing access token with scopes: ["email","https://www.googleapis.com/auth/cloud-platform","https://www.googleapis.com/auth/cloudplatformprojects.readonly","https://www.googleapis.com/auth/firebase","openid"]
[debug] [2021-12-08T02:29:02.598Z] >>> HTTP REQUEST POST https://www.googleapis.com/oauth2/v3/token  
 <request body omitted>
[debug] [2021-12-08T02:29:02.795Z] <<< HTTP RESPONSE 200 {"cache-control":"no-cache, no-store, max-age=0, must-revalidate","expires":"Mon, 01 Jan 1990 00:00:00 GMT","date":"Wed, 08 Dec 2021 02:29:02 GMT","pragma":"no-cache","content-type":"application/json; charset=utf-8","vary":"X-Origin, Referer, Origin,Accept-Encoding","server":"scaffolding on HTTPServer2","x-xss-protection":"0","x-frame-options":"SAMEORIGIN","x-content-type-options":"nosniff","alt-svc":"h3=\":443\"; ma=2592000,h3-29=\":443\"; ma=2592000,h3-Q050=\":443\"; ma=2592000,h3-Q046=\":443\"; ma=2592000,h3-Q043=\":443\"; ma=2592000,quic=\":443\"; ma=2592000; v=\"46,43\"","accept-ranges":"none","transfer-encoding":"chunked"}
[debug] [2021-12-08T02:29:02.834Z] >>> HTTP REQUEST POST https://cloudresourcemanager.googleapis.com/v1/projects/itss2-25e16:testIamPermissions  
 {"permissions":["firebase.projects.get","firebasehosting.sites.update"]}
[debug] [2021-12-08T02:29:03.818Z] <<< HTTP RESPONSE 200 {"content-type":"application/json; charset=UTF-8","vary":"X-Origin, Referer, Origin,Accept-Encoding","date":"Wed, 08 Dec 2021 02:29:03 GMT","server":"ESF","cache-control":"private","x-xss-protection":"0","x-frame-options":"SAMEORIGIN","x-content-type-options":"nosniff","server-timing":"gfet4t7; dur=817","alt-svc":"h3=\":443\"; ma=2592000,h3-29=\":443\"; ma=2592000,h3-Q050=\":443\"; ma=2592000,h3-Q046=\":443\"; ma=2592000,h3-Q043=\":443\"; ma=2592000,quic=\":443\"; ma=2592000; v=\"46,43\"","accept-ranges":"none","transfer-encoding":"chunked"}
[debug] [2021-12-08T02:29:03.820Z] > refreshing access token with scopes: []
[debug] [2021-12-08T02:29:03.820Z] >>> HTTP REQUEST POST https://www.googleapis.com/oauth2/v3/token  
 <request body omitted>
[debug] [2021-12-08T02:29:03.978Z] <<< HTTP RESPONSE 200 {"cache-control":"no-cache, no-store, max-age=0, must-revalidate","date":"Wed, 08 Dec 2021 02:29:04 GMT","pragma":"no-cache","expires":"Mon, 01 Jan 1990 00:00:00 GMT","content-type":"application/json; charset=utf-8","vary":"X-Origin, Referer, Origin,Accept-Encoding","server":"scaffolding on HTTPServer2","x-xss-protection":"0","x-frame-options":"SAMEORIGIN","x-content-type-options":"nosniff","alt-svc":"h3=\":443\"; ma=2592000,h3-29=\":443\"; ma=2592000,h3-Q050=\":443\"; ma=2592000,h3-Q046=\":443\"; ma=2592000,h3-Q043=\":443\"; ma=2592000,quic=\":443\"; ma=2592000; v=\"46,43\"","accept-ranges":"none","transfer-encoding":"chunked"}
[debug] [2021-12-08T02:29:04.016Z] >>> [apiv2][query] GET https://firebase.googleapis.com/v1beta1/projects/itss2-25e16 [none]
[debug] [2021-12-08T02:29:04.676Z] <<< [apiv2][status] GET https://firebase.googleapis.com/v1beta1/projects/itss2-25e16 200
[debug] [2021-12-08T02:29:04.676Z] <<< [apiv2][body] GET https://firebase.googleapis.com/v1beta1/projects/itss2-25e16 {"projectId":"itss2-25e16","projectNumber":"362540819931","displayName":"itss2","name":"projects/itss2-25e16","resources":{"hostingSite":"itss2-25e16","storageBucket":"itss2-25e16.appspot.com","locationId":"us-central"},"state":"ACTIVE"}
[info] 
[info] === Deploying to 'itss2-25e16'...
[info] 
[info] i  deploying hosting 
[debug] [2021-12-08T02:29:04.678Z] > refreshing access token with scopes: ["email","https://www.googleapis.com/auth/cloud-platform","https://www.googleapis.com/auth/cloudplatformprojects.readonly","https://www.googleapis.com/auth/firebase","openid"]
[debug] [2021-12-08T02:29:04.678Z] >>> HTTP REQUEST POST https://www.googleapis.com/oauth2/v3/token  
 <request body omitted>
[debug] [2021-12-08T02:29:04.819Z] <<< HTTP RESPONSE 200 {"date":"Wed, 08 Dec 2021 02:29:04 GMT","expires":"Mon, 01 Jan 1990 00:00:00 GMT","pragma":"no-cache","cache-control":"no-cache, no-store, max-age=0, must-revalidate","content-type":"application/json; charset=utf-8","vary":"X-Origin, Referer, Origin,Accept-Encoding","server":"scaffolding on HTTPServer2","x-xss-protection":"0","x-frame-options":"SAMEORIGIN","x-content-type-options":"nosniff","alt-svc":"h3=\":443\"; ma=2592000,h3-29=\":443\"; ma=2592000,h3-Q050=\":443\"; ma=2592000,h3-Q046=\":443\"; ma=2592000,h3-Q043=\":443\"; ma=2592000,quic=\":443\"; ma=2592000; v=\"46,43\"","accept-ranges":"none","transfer-encoding":"chunked"}
[debug] [2021-12-08T02:29:04.861Z] >>> HTTP REQUEST POST https://firebasehosting.googleapis.com/v1beta1/sites/itss2-25e16/versions  
 {"config":{"rewrites":[{"glob":"**","path":"/index.html"}]},"labels":{"deployment-tool":"cli-firebase"}}
[debug] [2021-12-08T02:29:06.366Z] <<< HTTP RESPONSE 200 {"content-type":"application/json; charset=UTF-8","vary":"X-Origin, Referer, Origin,Accept-Encoding","date":"Wed, 08 Dec 2021 02:29:06 GMT","server":"ESF","cache-control":"private","x-xss-protection":"0","x-frame-options":"SAMEORIGIN","x-content-type-options":"nosniff","alt-svc":"h3=\":443\"; ma=2592000,h3-29=\":443\"; ma=2592000,h3-Q050=\":443\"; ma=2592000,h3-Q046=\":443\"; ma=2592000,h3-Q043=\":443\"; ma=2592000,quic=\":443\"; ma=2592000; v=\"46,43\"","accept-ranges":"none","transfer-encoding":"chunked"}
[info] i  hosting[itss2-25e16]: beginning deploy... 
[info] i  hosting[itss2-25e16]: found 23 files in build 
[debug] [2021-12-08T02:29:06.726Z] > refreshing access token with scopes: []
[debug] [2021-12-08T02:29:06.726Z] >>> HTTP REQUEST POST https://www.googleapis.com/oauth2/v3/token  
 <request body omitted>
[debug] [2021-12-08T02:29:06.726Z] [hosting] hash cache [YnVpbGQ] stored for 23 files
[debug] [2021-12-08T02:29:06.726Z] [hosting][hash queue][FINAL] {"max":346,"min":10,"avg":28.217391304347824,"active":0,"complete":23,"success":23,"errored":0,"retried":0,"total":23,"elapsed":349}
[debug] [2021-12-08T02:29:06.869Z] <<< HTTP RESPONSE 200 {"pragma":"no-cache","cache-control":"no-cache, no-store, max-age=0, must-revalidate","date":"Wed, 08 Dec 2021 02:29:06 GMT","expires":"Mon, 01 Jan 1990 00:00:00 GMT","content-type":"application/json; charset=utf-8","vary":"X-Origin, Referer, Origin,Accept-Encoding","server":"scaffolding on HTTPServer2","x-xss-protection":"0","x-frame-options":"SAMEORIGIN","x-content-type-options":"nosniff","alt-svc":"h3=\":443\"; ma=2592000,h3-29=\":443\"; ma=2592000,h3-Q050=\":443\"; ma=2592000,h3-Q046=\":443\"; ma=2592000,h3-Q043=\":443\"; ma=2592000,quic=\":443\"; ma=2592000; v=\"46,43\"","accept-ranges":"none","transfer-encoding":"chunked"}
[debug] [2021-12-08T02:29:06.909Z] >>> [apiv2][query] POST https://firebasehosting.googleapis.com/v1beta1/sites/itss2-25e16/versions/3570d24fe316342b:populateFiles [none]
[debug] [2021-12-08T02:29:06.910Z] >>> [apiv2][body] POST https://firebasehosting.googleapis.com/v1beta1/sites/itss2-25e16/versions/3570d24fe316342b:populateFiles {"files":{"/asset-manifest.json":"27f362f28330bf80026dcc5bd654c35e82ab2c5a78ea760f54881c63dcb5fa7c","/logo192.png":"caff018b7f1e8fd481eb1c50d75b0ef236bcd5078b1d15c8bb348453fee30293","/index.html":"0746b53ec4890bcd1cb1893e3d01d228f60f995cf620ef87f803b07a17e690d0","/favicon.ico":"b72f7455f00e4e58792d2bca892abb068e2213838c0316d6b7a0d6d16acd1955","/logo512.png":"191fc21360b4ccfb1cda11a1efb97f489ed22672ca83f4064316802bbfdd750e","/static/css/main.c5cae531.chunk.css":"e2b7809d1ee5c112adf6effdaeed978d82abc0ce492d17bd21369cfcf3628f37","/static/js/2.cbb0bd15.chunk.js.LICENSE.txt":"da1d246376987760b87cbc1543670db21f19ee6b091407133090f671587f6a82","/robots.txt":"391d14b3c2f8c9143a27a28c7399585142228d4d1bdbe2c87ac946de411fa9a2","/static/js/3.a2cf20d7.chunk.js":"c6b40eb7a8c010d03e05f85cd46bcfeabfbd3d9c261ed46b131feed9eb2b4d29","/static/css/main.c5cae531.chunk.css.map":"995b999497f7b71867c9ae61685d4072e2a5446a91b5c055d56c6975805a6252","/static/js/runtime-main.1dbec72b.js":"0478e17bdcae8e2da78b1e288e75967cdd94c69df7ed7e52ba230455f8623915","/static/js/main.08f7af4f.chunk.js":"c7a6957fe967f72997f71a519c5862693d994a2453de2f65316386a099f8b736","/static/js/runtime-main.1dbec72b.js.map":"c40dc7a77e9248ec7f78ba338c10f7a180ee86d84bb2c84800eb4cae61b750aa","/static/js/3.a2cf20d7.chunk.js.map":"725329506f505e55acbb33e3f58d4f27a818ac7b4da6b8d9daa2f996daf9d643","/static/media/default-avatar.522560c8.png":"8aecf21a4ed9b2616f77c2915bdf8b90f8073a96f1f92114f876a491ced2cd2b","/manifest.json":"341d52628782f8ac9290bbfc43298afccb47b7cbfcee146ae30cf0f46bc30900","/static/media/default-post.76aba053.jpeg":"2784abaeda9da8de307f40e12079397c6d91f8607d9d2c29d209303f0374168b","/static/css/2.8322b6fe.chunk.css":"67483c2ea8bb9d35e823897d92d9fe7efd7c58fac128dead1d83446c2a393fd0","/static/js/main.08f7af4f.chunk.js.map":"3a69afed8830bb7b77783a87ed0dcd43539c49df50695102dc3c5ce166f00440","/static/media/top_talent.fa216b21.jpg":"a475c6953e715557012f6223a44bde23b5db10d8417333a1ff5b36dd0c176496","/static/css/2.8322b6fe.chunk.css.map":"aace9f71fd67e82167a446139f78c7c886af64686d204f303bb608a05f7286c1","/static/js/2.cbb0bd15.chunk.js":"56b3f49ff20d4b5c300e0a218e273ef5127b071c383c58fefb77e9e0016f6310","/static/js/2.cbb0bd15.chunk.js.map":"7f6c1b6ef735f683a334dbe45411cd741185e229baf7352682f49909cda327bd"}}
[debug] [2021-12-08T02:29:08.194Z] <<< [apiv2][status] POST https://firebasehosting.googleapis.com/v1beta1/sites/itss2-25e16/versions/3570d24fe316342b:populateFiles 200
[debug] [2021-12-08T02:29:08.194Z] <<< [apiv2][body] POST https://firebasehosting.googleapis.com/v1beta1/sites/itss2-25e16/versions/3570d24fe316342b:populateFiles {"uploadRequiredHashes":["0746b53ec4890bcd1cb1893e3d01d228f60f995cf620ef87f803b07a17e690d0","e2b7809d1ee5c112adf6effdaeed978d82abc0ce492d17bd21369cfcf3628f37","3a69afed8830bb7b77783a87ed0dcd43539c49df50695102dc3c5ce166f00440","c7a6957fe967f72997f71a519c5862693d994a2453de2f65316386a099f8b736","725329506f505e55acbb33e3f58d4f27a818ac7b4da6b8d9daa2f996daf9d643","995b999497f7b71867c9ae61685d4072e2a5446a91b5c055d56c6975805a6252","c6b40eb7a8c010d03e05f85cd46bcfeabfbd3d9c261ed46b131feed9eb2b4d29","c40dc7a77e9248ec7f78ba338c10f7a180ee86d84bb2c84800eb4cae61b750aa","27f362f28330bf80026dcc5bd654c35e82ab2c5a78ea760f54881c63dcb5fa7c","7f6c1b6ef735f683a334dbe45411cd741185e229baf7352682f49909cda327bd","0478e17bdcae8e2da78b1e288e75967cdd94c69df7ed7e52ba230455f8623915","56b3f49ff20d4b5c300e0a218e273ef5127b071c383c58fefb77e9e0016f6310"],"uploadUrl":"https://upload-firebasehosting.googleapis.com/upload/sites/itss2-25e16/versions/3570d24fe316342b/files"}
[debug] [2021-12-08T02:29:08.196Z] >>> [apiv2][query] POST https://upload-firebasehosting.googleapis.com/upload/sites/itss2-25e16/versions/3570d24fe316342b/files/0746b53ec4890bcd1cb1893e3d01d228f60f995cf620ef87f803b07a17e690d0 [none]
[debug] [2021-12-08T02:29:08.196Z] >>> [apiv2][body] POST https://upload-firebasehosting.googleapis.com/upload/sites/itss2-25e16/versions/3570d24fe316342b/files/0746b53ec4890bcd1cb1893e3d01d228f60f995cf620ef87f803b07a17e690d0 [stream]
[debug] [2021-12-08T02:29:08.197Z] >>> [apiv2][query] POST https://upload-firebasehosting.googleapis.com/upload/sites/itss2-25e16/versions/3570d24fe316342b/files/e2b7809d1ee5c112adf6effdaeed978d82abc0ce492d17bd21369cfcf3628f37 [none]
[debug] [2021-12-08T02:29:08.197Z] >>> [apiv2][body] POST https://upload-firebasehosting.googleapis.com/upload/sites/itss2-25e16/versions/3570d24fe316342b/files/e2b7809d1ee5c112adf6effdaeed978d82abc0ce492d17bd21369cfcf3628f37 [stream]
[debug] [2021-12-08T02:29:08.197Z] >>> [apiv2][query] POST https://upload-firebasehosting.googleapis.com/upload/sites/itss2-25e16/versions/3570d24fe316342b/files/3a69afed8830bb7b77783a87ed0dcd43539c49df50695102dc3c5ce166f00440 [none]
[debug] [2021-12-08T02:29:08.197Z] >>> [apiv2][body] POST https://upload-firebasehosting.googleapis.com/upload/sites/itss2-25e16/versions/3570d24fe316342b/files/3a69afed8830bb7b77783a87ed0dcd43539c49df50695102dc3c5ce166f00440 [stream]
[debug] [2021-12-08T02:29:08.197Z] >>> [apiv2][query] POST https://upload-firebasehosting.googleapis.com/upload/sites/itss2-25e16/versions/3570d24fe316342b/files/c7a6957fe967f72997f71a519c5862693d994a2453de2f65316386a099f8b736 [none]
[debug] [2021-12-08T02:29:08.197Z] >>> [apiv2][body] POST https://upload-firebasehosting.googleapis.com/upload/sites/itss2-25e16/versions/3570d24fe316342b/files/c7a6957fe967f72997f71a519c5862693d994a2453de2f65316386a099f8b736 [stream]
[debug] [2021-12-08T02:29:08.198Z] >>> [apiv2][query] POST https://upload-firebasehosting.googleapis.com/upload/sites/itss2-25e16/versions/3570d24fe316342b/files/725329506f505e55acbb33e3f58d4f27a818ac7b4da6b8d9daa2f996daf9d643 [none]
[debug] [2021-12-08T02:29:08.198Z] >>> [apiv2][body] POST https://upload-firebasehosting.googleapis.com/upload/sites/itss2-25e16/versions/3570d24fe316342b/files/725329506f505e55acbb33e3f58d4f27a818ac7b4da6b8d9daa2f996daf9d643 [stream]
[debug] [2021-12-08T02:29:08.198Z] >>> [apiv2][query] POST https://upload-firebasehosting.googleapis.com/upload/sites/itss2-25e16/versions/3570d24fe316342b/files/995b999497f7b71867c9ae61685d4072e2a5446a91b5c055d56c6975805a6252 [none]
[debug] [2021-12-08T02:29:08.198Z] >>> [apiv2][body] POST https://upload-firebasehosting.googleapis.com/upload/sites/itss2-25e16/versions/3570d24fe316342b/files/995b999497f7b71867c9ae61685d4072e2a5446a91b5c055d56c6975805a6252 [stream]
[debug] [2021-12-08T02:29:08.200Z] >>> [apiv2][query] POST https://upload-firebasehosting.googleapis.com/upload/sites/itss2-25e16/versions/3570d24fe316342b/files/c6b40eb7a8c010d03e05f85cd46bcfeabfbd3d9c261ed46b131feed9eb2b4d29 [none]
[debug] [2021-12-08T02:29:08.200Z] >>> [apiv2][body] POST https://upload-firebasehosting.googleapis.com/upload/sites/itss2-25e16/versions/3570d24fe316342b/files/c6b40eb7a8c010d03e05f85cd46bcfeabfbd3d9c261ed46b131feed9eb2b4d29 [stream]
[debug] [2021-12-08T02:29:08.200Z] >>> [apiv2][query] POST https://upload-firebasehosting.googleapis.com/upload/sites/itss2-25e16/versions/3570d24fe316342b/files/c40dc7a77e9248ec7f78ba338c10f7a180ee86d84bb2c84800eb4cae61b750aa [none]
[debug] [2021-12-08T02:29:08.200Z] >>> [apiv2][body] POST https://upload-firebasehosting.googleapis.com/upload/sites/itss2-25e16/versions/3570d24fe316342b/files/c40dc7a77e9248ec7f78ba338c10f7a180ee86d84bb2c84800eb4cae61b750aa [stream]
[debug] [2021-12-08T02:29:08.200Z] >>> [apiv2][query] POST https://upload-firebasehosting.googleapis.com/upload/sites/itss2-25e16/versions/3570d24fe316342b/files/27f362f28330bf80026dcc5bd654c35e82ab2c5a78ea760f54881c63dcb5fa7c [none]
[debug] [2021-12-08T02:29:08.200Z] >>> [apiv2][body] POST https://upload-firebasehosting.googleapis.com/upload/sites/itss2-25e16/versions/3570d24fe316342b/files/27f362f28330bf80026dcc5bd654c35e82ab2c5a78ea760f54881c63dcb5fa7c [stream]
[debug] [2021-12-08T02:29:08.201Z] >>> [apiv2][query] POST https://upload-firebasehosting.googleapis.com/upload/sites/itss2-25e16/versions/3570d24fe316342b/files/7f6c1b6ef735f683a334dbe45411cd741185e229baf7352682f49909cda327bd [none]
[debug] [2021-12-08T02:29:08.201Z] >>> [apiv2][body] POST https://upload-firebasehosting.googleapis.com/upload/sites/itss2-25e16/versions/3570d24fe316342b/files/7f6c1b6ef735f683a334dbe45411cd741185e229baf7352682f49909cda327bd [stream]
[debug] [2021-12-08T02:29:08.201Z] >>> [apiv2][query] POST https://upload-firebasehosting.googleapis.com/upload/sites/itss2-25e16/versions/3570d24fe316342b/files/0478e17bdcae8e2da78b1e288e75967cdd94c69df7ed7e52ba230455f8623915 [none]
[debug] [2021-12-08T02:29:08.201Z] >>> [apiv2][body] POST https://upload-firebasehosting.googleapis.com/upload/sites/itss2-25e16/versions/3570d24fe316342b/files/0478e17bdcae8e2da78b1e288e75967cdd94c69df7ed7e52ba230455f8623915 [stream]
[debug] [2021-12-08T02:29:08.201Z] >>> [apiv2][query] POST https://upload-firebasehosting.googleapis.com/upload/sites/itss2-25e16/versions/3570d24fe316342b/files/56b3f49ff20d4b5c300e0a218e273ef5127b071c383c58fefb77e9e0016f6310 [none]
[debug] [2021-12-08T02:29:08.202Z] >>> [apiv2][body] POST https://upload-firebasehosting.googleapis.com/upload/sites/itss2-25e16/versions/3570d24fe316342b/files/56b3f49ff20d4b5c300e0a218e273ef5127b071c383c58fefb77e9e0016f6310 [stream]
[debug] [2021-12-08T02:29:08.202Z] [hosting][populate queue][FINAL] {"max":1471,"min":1471,"avg":1471,"active":0,"complete":1,"success":1,"errored":0,"retried":0,"total":1,"elapsed":1477}
[debug] [2021-12-08T02:29:08.202Z] [hosting] uploads queued: 12
